<?xml version="1.0" encoding="UTF-8"?><testsuite errors="1" failures="0" name="Open the pdf file of Deposit Account Fees" skipped="0" tests="1" time="1.11" timestamp="2020-07-13 09:36:58"><testcase name="Correctly display Deposit Account Rates pdf"><error message="Could not instantiate class org.openqa.selenium.firefox.FirefoxDriver" type="net.thucydides.core.webdriver.DriverConfigurationError">Could not instantiate class org.openqa.selenium.firefox.FirefoxDriver</error><system-err>Could not instantiate class org.openqa.selenium.firefox.FirefoxDriver&#13;
com.banistmo.personas.certification.task.RateTask.performAs(RateTask.java:17)&#13;
com.banistmo.personas.certification.stepdefinitions.RunnerStepDefinitions.IsOnThePeopleBanismtoPage(RunnerStepDefinitions.java:24)&#13;
cucumber.runner.Runner.runPickle(Runner.java:80)&#13;
</system-err></testcase></testsuite>